Started at Tue Dec 26 17:08:33 UTC 2023
Processing Web start
Offering Web start to Project Build Discarder
Processing WebServer_Stop
Offering WebServer_Stop to Project Build Discarder
Finished at Tue Dec 26 17:08:33 UTC 2023. 5ms
Started at Tue Dec 26 18:08:33 UTC 2023
Processing Web start
Offering Web start to Project Build Discarder
Processing WebServer_Stop
Offering WebServer_Stop to Project Build Discarder
Finished at Tue Dec 26 18:08:33 UTC 2023. 1ms
Started at Tue Dec 26 19:08:33 UTC 2023
Processing Web start
Offering Web start to Project Build Discarder
Processing WebServer_Stop
Offering WebServer_Stop to Project Build Discarder
Finished at Tue Dec 26 19:08:33 UTC 2023. 3ms
Started at Tue Dec 26 20:08:33 UTC 2023
Processing Web start
Offering Web start to Project Build Discarder
Processing WebServer_Stop
Offering WebServer_Stop to Project Build Discarder
Finished at Tue Dec 26 20:08:33 UTC 2023. 1ms
Started at Tue Dec 26 21:08:33 UTC 2023
Processing Web start
Offering Web start to Project Build Discarder
Processing WebServer_Stop
Offering WebServer_Stop to Project Build Discarder
Finished at Tue Dec 26 21:08:33 UTC 2023. 1ms
Started at Tue Dec 26 22:08:33 UTC 2023
Processing Web start
Offering Web start to Project Build Discarder
Processing WebServer_Stop
Offering WebServer_Stop to Project Build Discarder
Finished at Tue Dec 26 22:08:33 UTC 2023. 1ms
Started at Tue Dec 26 23:08:33 UTC 2023
Processing Web start
Offering Web start to Project Build Discarder
Processing WebServer_Stop
Offering WebServer_Stop to Project Build Discarder
Finished at Tue Dec 26 23:08:33 UTC 2023. 3ms
Started at Wed Dec 27 00:08:33 UTC 2023
Processing Web start
Offering Web start to Project Build Discarder
Processing WebServer_Stop
Offering WebServer_Stop to Project Build Discarder
Finished at Wed Dec 27 00:08:33 UTC 2023. 1ms
Started at Wed Dec 27 01:08:33 UTC 2023
Processing Web start
Offering Web start to Project Build Discarder
Processing WebServer_Stop
Offering WebServer_Stop to Project Build Discarder
Finished at Wed Dec 27 01:08:33 UTC 2023. 1ms
Started at Wed Dec 27 02:08:33 UTC 2023
Processing Web start
Offering Web start to Project Build Discarder
Processing WebServer_Stop
Offering WebServer_Stop to Project Build Discarder
Finished at Wed Dec 27 02:08:33 UTC 2023. 7ms
Started at Wed Dec 27 03:08:33 UTC 2023
Processing Web start
Offering Web start to Project Build Discarder
Processing WebServer_Stop
Offering WebServer_Stop to Project Build Discarder
Finished at Wed Dec 27 03:08:33 UTC 2023. 1ms
Started at Wed Dec 27 04:08:33 UTC 2023
Processing Web start
Offering Web start to Project Build Discarder
Processing WebServer_Stop
Offering WebServer_Stop to Project Build Discarder
Finished at Wed Dec 27 04:08:33 UTC 2023. 1ms
Started at Wed Dec 27 05:08:33 UTC 2023
Processing Web start
Offering Web start to Project Build Discarder
Processing WebServer_Stop
Offering WebServer_Stop to Project Build Discarder
Finished at Wed Dec 27 05:08:33 UTC 2023. 2ms
Started at Wed Dec 27 06:08:33 UTC 2023
Processing Web start
Offering Web start to Project Build Discarder
Processing WebServer_Stop
Offering WebServer_Stop to Project Build Discarder
Finished at Wed Dec 27 06:08:33 UTC 2023. 1ms
Started at Wed Dec 27 07:08:33 UTC 2023
Processing Web start
Offering Web start to Project Build Discarder
Processing WebServer_Stop
Offering WebServer_Stop to Project Build Discarder
Finished at Wed Dec 27 07:08:33 UTC 2023. 3ms
Started at Wed Dec 27 08:08:33 UTC 2023
Processing Web start
Offering Web start to Project Build Discarder
Processing WebServer_Stop
Offering WebServer_Stop to Project Build Discarder
Finished at Wed Dec 27 08:08:33 UTC 2023. 1ms
Started at Wed Dec 27 09:08:33 UTC 2023
Processing Web start
Offering Web start to Project Build Discarder
Processing WebServer_Stop
Offering WebServer_Stop to Project Build Discarder
Finished at Wed Dec 27 09:08:33 UTC 2023. 1ms
Started at Wed Dec 27 10:08:33 UTC 2023
Processing Web start
Offering Web start to Project Build Discarder
Processing WebServer_Stop
Offering WebServer_Stop to Project Build Discarder
Finished at Wed Dec 27 10:08:33 UTC 2023. 2ms
Started at Wed Dec 27 11:08:33 UTC 2023
Processing Web start
Offering Web start to Project Build Discarder
Processing WebServer_Stop
Offering WebServer_Stop to Project Build Discarder
Finished at Wed Dec 27 11:08:33 UTC 2023. 1ms
Started at Wed Dec 27 12:08:33 UTC 2023
Processing Web start
Offering Web start to Project Build Discarder
Processing WebServer_Stop
Offering WebServer_Stop to Project Build Discarder
Finished at Wed Dec 27 12:08:33 UTC 2023. 1ms
Started at Wed Dec 27 13:08:33 UTC 2023
Processing Web start
Offering Web start to Project Build Discarder
Processing WebServer_Stop
Offering WebServer_Stop to Project Build Discarder
Finished at Wed Dec 27 13:08:33 UTC 2023. 1ms
Started at Wed Dec 27 14:08:33 UTC 2023
Processing Web start
Offering Web start to Project Build Discarder
Processing WebServer_Stop
Offering WebServer_Stop to Project Build Discarder
Finished at Wed Dec 27 14:08:33 UTC 2023. 1ms
Started at Wed Dec 27 15:08:33 UTC 2023
Processing Web start
Offering Web start to Project Build Discarder
Processing WebServer_Stop
Offering WebServer_Stop to Project Build Discarder
Finished at Wed Dec 27 15:08:33 UTC 2023. 1ms
